<?xml version="1.0" encoding="UTF-8"?>
<!-- Generated by org.testng.reporters.JUnitReportReporter -->
<testsuite hostname="DESKTOP-SJHHKK3" failures="0" tests="1" name="edu.co.First1" time="8.862" errors="0" timestamp="2023-03-12T01:36:29 IST" skipped="0">
  <testcase classname="edu.co.First1" name="f" time="8.862"/>
</testsuite> <!-- edu.co.First1 -->
