<?xml version="1.0" encoding="UTF-8"?>
<!-- Generated by org.testng.reporters.JUnitReportReporter -->
<testsuite hostname="DESKTOP-SJHHKK3" failures="0" tests="1" name="edu.co.First" time="8.650" errors="0" timestamp="2023-03-12T00:37:10 IST" skipped="0">
  <testcase classname="edu.co.First" name="f" time="8.650"/>
</testsuite> <!-- edu.co.First -->
